[2018-05-17 14:22:40.499] [INFO] pomelo - [32m[/home/zheng/æ¡Œé¢/é¡¹ç›®/mygame/game-server/node_modules/pomelo/lib/application.js] [39mapplication inited: "connector-server-1"
[2018-05-17 14:22:41.187] [INFO] pomelo - [32m[/home/zheng/æ¡Œé¢/é¡¹ç›®/mygame/game-server/node_modules/pomelo/lib/application.js] [39m"connector-server-1" enter after start...
[2018-05-17 14:22:41.923] [INFO] pomelo - [32m[/home/zheng/æ¡Œé¢/é¡¹ç›®/mygame/game-server/node_modules/pomelo/lib/application.js] [39m"connector-server-1" finish start
[2018-05-17 14:22:41.925] [INFO] pomelo - [32m[/home/zheng/æ¡Œé¢/é¡¹ç›®/mygame/game-server/node_modules/pomelo/lib/application.js] [39m"connector-server-1" startup in 1405 ms
[2018-05-17 14:28:17.991] [INFO] pomelo - [32m[/home/zheng/æ¡Œé¢/é¡¹ç›®/mygame/game-server/node_modules/pomelo/lib/application.js] [39mapplication inited: "connector-server-1"
[2018-05-17 14:28:18.413] [INFO] pomelo - [32m[/home/zheng/æ¡Œé¢/é¡¹ç›®/mygame/game-server/node_modules/pomelo/lib/application.js] [39m"connector-server-1" enter after start...
[2018-05-17 14:28:18.535] [INFO] pomelo - [32m[/home/zheng/æ¡Œé¢/é¡¹ç›®/mygame/game-server/node_modules/pomelo/lib/application.js] [39m"connector-server-1" finish start
[2018-05-17 14:28:18.535] [INFO] pomelo - [32m[/home/zheng/æ¡Œé¢/é¡¹ç›®/mygame/game-server/node_modules/pomelo/lib/application.js] [39m"connector-server-1" startup in 527 ms
[2018-05-17 14:30:47.902] [DEBUG] pomelo - [36m[/home/zheng/æ¡Œé¢/é¡¹ç›®/mygame/game-server/node_modules/pomelo/lib/components/connector.js] [39m[connector-server-1] getSession session is created with session id: 1
[2018-05-17 14:30:48.011] [DEBUG] pomelo - [36m[/home/zheng/æ¡Œé¢/é¡¹ç›®/mygame/game-server/node_modules/pomelo/lib/components/connector.js] [39m[connector-server-1] handleMessage session id: 1, msg: {"id":2,"route":"connector.entryHandler.entry","body":"hello pomelo"}
[2018-05-17 14:30:48.016] [DEBUG] pomelo - [36m[/home/zheng/æ¡Œé¢/é¡¹ç›®/mygame/game-server/node_modules/pomelo/lib/components/connector.js] [39m[connector-server-1] send message reqId: 2, route: connector.entryHandler.entry, msg: {"code":200,"msg":"game server is ok."}, receivers: [1], opts: {"type":"response","userOptions":{},"isResponse":true}
[2018-05-17 14:32:39.423] [DEBUG] pomelo - [36m[/home/zheng/æ¡Œé¢/é¡¹ç›®/mygame/game-server/node_modules/pomelo/lib/components/connector.js] [39m[connector-server-1] getSession session is created with session id: 2
[2018-05-17 14:32:39.462] [DEBUG] pomelo - [36m[/home/zheng/æ¡Œé¢/é¡¹ç›®/mygame/game-server/node_modules/pomelo/lib/components/connector.js] [39m[connector-server-1] handleMessage session id: 2, msg: {"id":3,"route":"connector.entryHandler.entry","body":"hello pomelo"}
[2018-05-17 14:32:39.462] [DEBUG] pomelo - [36m[/home/zheng/æ¡Œé¢/é¡¹ç›®/mygame/game-server/node_modules/pomelo/lib/components/connector.js] [39m[connector-server-1] send message reqId: 3, route: connector.entryHandler.entry, msg: {"code":200,"msg":"game server is ok."}, receivers: [2], opts: {"type":"response","userOptions":{},"isResponse":true}
[2018-05-17 14:43:42.793] [DEBUG] pomelo - [36m[/home/zheng/æ¡Œé¢/é¡¹ç›®/mygame/game-server/node_modules/pomelo/lib/components/connector.js] [39m[connector-server-1] getSession session is created with session id: 3
[2018-05-17 14:43:42.819] [DEBUG] pomelo - [36m[/home/zheng/æ¡Œé¢/é¡¹ç›®/mygame/game-server/node_modules/pomelo/lib/components/connector.js] [39m[connector-server-1] handleMessage session id: 3, msg: {"id":4,"route":"connector.entryHandler.entry","body":"hello pomelo"}
[2018-05-17 14:43:42.820] [DEBUG] pomelo - [36m[/home/zheng/æ¡Œé¢/é¡¹ç›®/mygame/game-server/node_modules/pomelo/lib/components/connector.js] [39m[connector-server-1] send message reqId: 4, route: connector.entryHandler.entry, msg: {"code":200,"msg":"game server is ok."}, receivers: [3], opts: {"type":"response","userOptions":{},"isResponse":true}
[2018-05-17 15:06:22.586] [DEBUG] pomelo - [36m[/home/zheng/æ¡Œé¢/é¡¹ç›®/mygame/game-server/node_modules/pomelo/lib/components/connector.js] [39m[connector-server-1] getSession session is created with session id: 4
[2018-05-17 15:06:22.793] [DEBUG] pomelo - [36m[/home/zheng/æ¡Œé¢/é¡¹ç›®/mygame/game-server/node_modules/pomelo/lib/components/connector.js] [39m[connector-server-1] handleMessage session id: 4, msg: {"id":5,"route":"connector.entryHandler.entry","body":"hello pomelo"}
[2018-05-17 15:06:22.795] [DEBUG] pomelo - [36m[/home/zheng/æ¡Œé¢/é¡¹ç›®/mygame/game-server/node_modules/pomelo/lib/components/connector.js] [39m[connector-server-1] send message reqId: 5, route: connector.entryHandler.entry, msg: {"code":200,"msg":"game server is ok."}, receivers: [4], opts: {"type":"response","userOptions":{},"isResponse":true}
[2018-05-17 15:07:32.314] [DEBUG] pomelo - [36m[/home/zheng/æ¡Œé¢/é¡¹ç›®/mygame/game-server/node_modules/pomelo/lib/components/connector.js] [39m[connector-server-1] getSession session is created with session id: 5
[2018-05-17 15:07:32.374] [DEBUG] pomelo - [36m[/home/zheng/æ¡Œé¢/é¡¹ç›®/mygame/game-server/node_modules/pomelo/lib/components/connector.js] [39m[connector-server-1] handleMessage session id: 5, msg: {"id":6,"route":"connector.entryHandler.entry","body":"hello pomelo"}
[2018-05-17 15:07:32.375] [DEBUG] pomelo - [36m[/home/zheng/æ¡Œé¢/é¡¹ç›®/mygame/game-server/node_modules/pomelo/lib/components/connector.js] [39m[connector-server-1] send message reqId: 6, route: connector.entryHandler.entry, msg: {"code":200,"msg":"game server is ok."}, receivers: [5], opts: {"type":"response","userOptions":{},"isResponse":true}
[2018-05-17 15:09:08.424] [DEBUG] pomelo - [36m[/home/zheng/æ¡Œé¢/é¡¹ç›®/mygame/game-server/node_modules/pomelo/lib/common/service/sessionService.js] [39msession on [connector-server-1] is closed with session id: 5
[2018-05-17 15:09:08.430] [DEBUG] pomelo - [36m[/home/zheng/æ¡Œé¢/é¡¹ç›®/mygame/game-server/node_modules/pomelo/lib/common/service/sessionService.js] [39msession on [connector-server-1] is closed with session id: 4
[2018-05-17 15:09:08.431] [DEBUG] pomelo - [36m[/home/zheng/æ¡Œé¢/é¡¹ç›®/mygame/game-server/node_modules/pomelo/lib/common/service/sessionService.js] [39msession on [connector-server-1] is closed with session id: 3
[2018-05-17 15:09:08.434] [DEBUG] pomelo - [36m[/home/zheng/æ¡Œé¢/é¡¹ç›®/mygame/game-server/node_modules/pomelo/lib/common/service/sessionService.js] [39msession on [connector-server-1] is closed with session id: 2
[2018-05-17 15:09:08.436] [DEBUG] pomelo - [36m[/home/zheng/æ¡Œé¢/é¡¹ç›®/mygame/game-server/node_modules/pomelo/lib/common/service/sessionService.js] [39msession on [connector-server-1] is closed with session id: 1
[2018-05-17 15:09:11.582] [DEBUG] pomelo - [36m[/home/zheng/æ¡Œé¢/é¡¹ç›®/mygame/game-server/node_modules/pomelo/lib/components/connector.js] [39m[connector-server-1] getSession session is created with session id: 6
[2018-05-17 15:09:11.632] [DEBUG] pomelo - [36m[/home/zheng/æ¡Œé¢/é¡¹ç›®/mygame/game-server/node_modules/pomelo/lib/components/connector.js] [39m[connector-server-1] handleMessage session id: 6, msg: {"id":2,"route":"connector.entryHandler.435345entry","body":"hello pomelo"}
[2018-05-17 15:09:11.632] [WARN] pomelo - [33m[/home/zheng/æ¡Œé¢/é¡¹ç›®/mygame/game-server/node_modules/pomelo/lib/common/service/handlerService.js] [39mcould not find the method 435345entry in handler: entryHandler
[2018-05-17 15:09:11.633] [ERROR] pomelo - [31m[/home/zheng/æ¡Œé¢/é¡¹ç›®/mygame/game-server/node_modules/pomelo/lib/common/service/handlerService.js] [39m[handleManager]: fail to find handler for undefined
[2018-05-17 15:09:11.641] [DEBUG] pomelo - [36m[/home/zheng/æ¡Œé¢/é¡¹ç›®/mygame/game-server/node_modules/pomelo/lib/server/server.js] [39mno default error handler to resolve unknown exception. Error: fail to find handler for undefined
    at Service.handle (/home/zheng/æ¡Œé¢/é¡¹ç›®/mygame/game-server/node_modules/pomelo/lib/common/service/handlerService.js:35:30)
    at handle (/home/zheng/æ¡Œé¢/é¡¹ç›®/mygame/game-server/node_modules/pomelo/lib/server/server.js:375:25)
    at next (/home/zheng/æ¡Œé¢/é¡¹ç›®/mygame/game-server/node_modules/pomelo/lib/common/service/filterService.js:50:7)
    at Service.beforeFilter (/home/zheng/æ¡Œé¢/é¡¹ç›®/mygame/game-server/node_modules/pomelo/lib/common/service/filterService.js:65:3)
    at beforeFilter (/home/zheng/æ¡Œé¢/é¡¹ç›®/mygame/game-server/node_modules/pomelo/lib/server/server.js:242:8)
    at doHandle (/home/zheng/æ¡Œé¢/é¡¹ç›®/mygame/game-server/node_modules/pomelo/lib/server/server.js:388:3)
    at dispatch (/home/zheng/æ¡Œé¢/é¡¹ç›®/mygame/game-server/node_modules/pomelo/lib/server/server.js:107:7)
    at next (/home/zheng/æ¡Œé¢/é¡¹ç›®/mygame/game-server/node_modules/pomelo/lib/common/service/filterService.js:50:7)
    at Service.beforeFilter (/home/zheng/æ¡Œé¢/é¡¹ç›®/mygame/game-server/node_modules/pomelo/lib/common/service/filterService.js:65:3)
    at beforeFilter (/home/zheng/æ¡Œé¢/é¡¹ç›®/mygame/game-server/node_modules/pomelo/lib/server/server.js:242:8)
[2018-05-17 15:09:11.642] [DEBUG] pomelo - [36m[/home/zheng/æ¡Œé¢/é¡¹ç›®/mygame/game-server/node_modules/pomelo/lib/components/connector.js] [39m[connector-server-1] send message reqId: 2, route: connector.entryHandler.435345entry, msg: {"code":500}, receivers: [6], opts: {"type":"response","userOptions":{},"isResponse":true}
[2018-05-17 15:10:02.092] [DEBUG] pomelo - [36m[/home/zheng/æ¡Œé¢/é¡¹ç›®/mygame/game-server/node_modules/pomelo/lib/components/connector.js] [39m[connector-server-1] getSession session is created with session id: 7
[2018-05-17 15:10:02.225] [DEBUG] pomelo - [36m[/home/zheng/æ¡Œé¢/é¡¹ç›®/mygame/game-server/node_modules/pomelo/lib/components/connector.js] [39m[connector-server-1] handleMessage session id: 7, msg: {"id":3,"route":"connector.entryHandler.435345entry","body":"hello pomelo"}
[2018-05-17 15:10:02.225] [WARN] pomelo - [33m[/home/zheng/æ¡Œé¢/é¡¹ç›®/mygame/game-server/node_modules/pomelo/lib/common/service/handlerService.js] [39mcould not find the method 435345entry in handler: entryHandler
[2018-05-17 15:10:02.226] [ERROR] pomelo - [31m[/home/zheng/æ¡Œé¢/é¡¹ç›®/mygame/game-server/node_modules/pomelo/lib/common/service/handlerService.js] [39m[handleManager]: fail to find handler for undefined
[2018-05-17 15:10:02.226] [DEBUG] pomelo - [36m[/home/zheng/æ¡Œé¢/é¡¹ç›®/mygame/game-server/node_modules/pomelo/lib/server/server.js] [39mno default error handler to resolve unknown exception. Error: fail to find handler for undefined
    at Service.handle (/home/zheng/æ¡Œé¢/é¡¹ç›®/mygame/game-server/node_modules/pomelo/lib/common/service/handlerService.js:35:30)
    at handle (/home/zheng/æ¡Œé¢/é¡¹ç›®/mygame/game-server/node_modules/pomelo/lib/server/server.js:375:25)
    at next (/home/zheng/æ¡Œé¢/é¡¹ç›®/mygame/game-server/node_modules/pomelo/lib/common/service/filterService.js:50:7)
    at Service.beforeFilter (/home/zheng/æ¡Œé¢/é¡¹ç›®/mygame/game-server/node_modules/pomelo/lib/common/service/filterService.js:65:3)
    at beforeFilter (/home/zheng/æ¡Œé¢/é¡¹ç›®/mygame/game-server/node_modules/pomelo/lib/server/server.js:242:8)
    at doHandle (/home/zheng/æ¡Œé¢/é¡¹ç›®/mygame/game-server/node_modules/pomelo/lib/server/server.js:388:3)
    at dispatch (/home/zheng/æ¡Œé¢/é¡¹ç›®/mygame/game-server/node_modules/pomelo/lib/server/server.js:107:7)
    at next (/home/zheng/æ¡Œé¢/é¡¹ç›®/mygame/game-server/node_modules/pomelo/lib/common/service/filterService.js:50:7)
    at Service.beforeFilter (/home/zheng/æ¡Œé¢/é¡¹ç›®/mygame/game-server/node_modules/pomelo/lib/common/service/filterService.js:65:3)
    at beforeFilter (/home/zheng/æ¡Œé¢/é¡¹ç›®/mygame/game-server/node_modules/pomelo/lib/server/server.js:242:8)
[2018-05-17 15:10:02.226] [DEBUG] pomelo - [36m[/home/zheng/æ¡Œé¢/é¡¹ç›®/mygame/game-server/node_modules/pomelo/lib/components/connector.js] [39m[connector-server-1] send message reqId: 3, route: connector.entryHandler.435345entry, msg: {"code":500}, receivers: [7], opts: {"type":"response","userOptions":{},"isResponse":true}
[2018-05-17 15:10:18.544] [DEBUG] pomelo - [36m[/home/zheng/æ¡Œé¢/é¡¹ç›®/mygame/game-server/node_modules/pomelo/lib/common/service/sessionService.js] [39msession on [connector-server-1] is closed with session id: 7
[2018-05-17 15:10:18.553] [DEBUG] pomelo - [36m[/home/zheng/æ¡Œé¢/é¡¹ç›®/mygame/game-server/node_modules/pomelo/lib/common/service/sessionService.js] [39msession on [connector-server-1] is closed with session id: 6
[2018-05-17 15:10:39.721] [DEBUG] pomelo - [36m[/home/zheng/æ¡Œé¢/é¡¹ç›®/mygame/game-server/node_modules/pomelo/lib/components/connector.js] [39m[connector-server-1] getSession session is created with session id: 8
[2018-05-17 15:10:39.792] [DEBUG] pomelo - [36m[/home/zheng/æ¡Œé¢/é¡¹ç›®/mygame/game-server/node_modules/pomelo/lib/components/connector.js] [39m[connector-server-1] handleMessage session id: 8, msg: {"id":2,"route":"connector.entryHandler.entry","body":"hello pomelo"}
[2018-05-17 15:10:39.793] [DEBUG] pomelo - [36m[/home/zheng/æ¡Œé¢/é¡¹ç›®/mygame/game-server/node_modules/pomelo/lib/components/connector.js] [39m[connector-server-1] send message reqId: 2, route: connector.entryHandler.entry, msg: {"code":200,"msg":"game server is ok."}, receivers: [8], opts: {"type":"response","userOptions":{},"isResponse":true}
[2018-05-17 15:13:21.730] [INFO] pomelo - [32m[/home/zheng/æ¡Œé¢/é¡¹ç›®/mygame/game-server/node_modules/pomelo/lib/application.js] [39mapplication inited: "connector-server-1"
[2018-05-17 15:13:22.697] [INFO] pomelo - [32m[/home/zheng/æ¡Œé¢/é¡¹ç›®/mygame/game-server/node_modules/pomelo/lib/application.js] [39m"connector-server-1" enter after start...
[2018-05-17 15:13:23.809] [INFO] pomelo - [32m[/home/zheng/æ¡Œé¢/é¡¹ç›®/mygame/game-server/node_modules/pomelo/lib/application.js] [39m"connector-server-1" finish start
[2018-05-17 15:13:23.810] [INFO] pomelo - [32m[/home/zheng/æ¡Œé¢/é¡¹ç›®/mygame/game-server/node_modules/pomelo/lib/application.js] [39m"connector-server-1" startup in 2049 ms
[2018-05-17 15:13:27.022] [DEBUG] pomelo - [36m[/home/zheng/æ¡Œé¢/é¡¹ç›®/mygame/game-server/node_modules/pomelo/lib/components/connector.js] [39m[connector-server-1] getSession session is created with session id: 1
[2018-05-17 15:13:27.091] [DEBUG] pomelo - [36m[/home/zheng/æ¡Œé¢/é¡¹ç›®/mygame/game-server/node_modules/pomelo/lib/components/connector.js] [39m[connector-server-1] handleMessage session id: 1, msg: {"id":3,"route":"connector.entryHandler.entry","body":"hello pomelo"}
[2018-05-17 15:13:27.108] [DEBUG] pomelo - [36m[/home/zheng/æ¡Œé¢/é¡¹ç›®/mygame/game-server/node_modules/pomelo/lib/components/connector.js] [39m[connector-server-1] send message reqId: 3, route: connector.entryHandler.entry, msg: {"code":200,"msg":"game server is ok."}, receivers: [1], opts: {"type":"response","userOptions":{},"isResponse":true}
[2018-05-17 15:13:50.644] [INFO] pomelo - [32m[/home/zheng/æ¡Œé¢/é¡¹ç›®/mygame/game-server/node_modules/pomelo/lib/application.js] [39mapplication inited: "connector-server-1"
[2018-05-17 15:13:51.096] [INFO] pomelo - [32m[/home/zheng/æ¡Œé¢/é¡¹ç›®/mygame/game-server/node_modules/pomelo/lib/application.js] [39m"connector-server-1" enter after start...
[2018-05-17 15:13:51.198] [INFO] pomelo - [32m[/home/zheng/æ¡Œé¢/é¡¹ç›®/mygame/game-server/node_modules/pomelo/lib/application.js] [39m"connector-server-1" finish start
[2018-05-17 15:13:51.198] [INFO] pomelo - [32m[/home/zheng/æ¡Œé¢/é¡¹ç›®/mygame/game-server/node_modules/pomelo/lib/application.js] [39m"connector-server-1" startup in 537 ms
[2018-05-17 15:14:15.738] [DEBUG] pomelo - [36m[/home/zheng/æ¡Œé¢/é¡¹ç›®/mygame/game-server/node_modules/pomelo/lib/components/connector.js] [39m[connector-server-1] getSession session is created with session id: 1
[2018-05-17 15:14:15.823] [DEBUG] pomelo - [36m[/home/zheng/æ¡Œé¢/é¡¹ç›®/mygame/game-server/node_modules/pomelo/lib/components/connector.js] [39m[connector-server-1] handleMessage session id: 1, msg: {"id":4,"route":"connector.entryHandler.entry","body":"hello pomelo"}
[2018-05-17 15:14:15.844] [DEBUG] pomelo - [36m[/home/zheng/æ¡Œé¢/é¡¹ç›®/mygame/game-server/node_modules/pomelo/lib/components/connector.js] [39m[connector-server-1] send message reqId: 4, route: connector.entryHandler.entry, msg: {"code":200,"msg":"game server is ok."}, receivers: [1], opts: {"type":"response","userOptions":{},"isResponse":true}
[2018-05-17 15:15:33.082] [DEBUG] pomelo - [36m[/home/zheng/æ¡Œé¢/é¡¹ç›®/mygame/game-server/node_modules/pomelo/lib/components/connector.js] [39m[connector-server-1] getSession session is created with session id: 2
[2018-05-17 15:15:40.821] [DEBUG] pomelo - [36m[/home/zheng/æ¡Œé¢/é¡¹ç›®/mygame/game-server/node_modules/pomelo/lib/common/service/sessionService.js] [39msession on [connector-server-1] is closed with session id: 1
[2018-05-17 15:15:41.283] [DEBUG] pomelo - [36m[/home/zheng/æ¡Œé¢/é¡¹ç›®/mygame/game-server/node_modules/pomelo/lib/components/connector.js] [39m[connector-server-1] getSession session is created with session id: 3
[2018-05-17 15:15:41.339] [DEBUG] pomelo - [36m[/home/zheng/æ¡Œé¢/é¡¹ç›®/mygame/game-server/node_modules/pomelo/lib/components/connector.js] [39m[connector-server-1] handleMessage session id: 3, msg: {"id":6,"route":"connector.entryHandler.entry","body":"hello pomelo"}
[2018-05-17 15:15:41.340] [DEBUG] pomelo - [36m[/home/zheng/æ¡Œé¢/é¡¹ç›®/mygame/game-server/node_modules/pomelo/lib/components/connector.js] [39m[connector-server-1] send message reqId: 6, route: connector.entryHandler.entry, msg: {"code":200,"msg":"game server is ok."}, receivers: [3], opts: {"type":"response","userOptions":{},"isResponse":true}
[2018-05-17 15:16:04.892] [INFO] pomelo - [32m[/home/zheng/æ¡Œé¢/é¡¹ç›®/mygame/game-server/node_modules/pomelo/lib/application.js] [39mapplication inited: "connector-server-1"
[2018-05-17 15:16:05.332] [INFO] pomelo - [32m[/home/zheng/æ¡Œé¢/é¡¹ç›®/mygame/game-server/node_modules/pomelo/lib/application.js] [39m"connector-server-1" enter after start...
[2018-05-17 15:16:05.498] [INFO] pomelo - [32m[/home/zheng/æ¡Œé¢/é¡¹ç›®/mygame/game-server/node_modules/pomelo/lib/application.js] [39m"connector-server-1" finish start
[2018-05-17 15:16:05.498] [INFO] pomelo - [32m[/home/zheng/æ¡Œé¢/é¡¹ç›®/mygame/game-server/node_modules/pomelo/lib/application.js] [39m"connector-server-1" startup in 590 ms
[2018-05-17 15:16:08.744] [DEBUG] pomelo - [36m[/home/zheng/æ¡Œé¢/é¡¹ç›®/mygame/game-server/node_modules/pomelo/lib/components/connector.js] [39m[connector-server-1] getSession session is created with session id: 1
[2018-05-17 15:16:17.344] [DEBUG] pomelo - [36m[/home/zheng/æ¡Œé¢/é¡¹ç›®/mygame/game-server/node_modules/pomelo/lib/components/connector.js] [39m[connector-server-1] getSession session is created with session id: 2
[2018-05-17 15:16:17.447] [DEBUG] pomelo - [36m[/home/zheng/æ¡Œé¢/é¡¹ç›®/mygame/game-server/node_modules/pomelo/lib/components/connector.js] [39m[connector-server-1] handleMessage session id: 2, msg: {"id":8,"route":"connector.entryHandler.entry","body":"hello pomelo"}
[2018-05-17 15:16:17.475] [DEBUG] pomelo - [36m[/home/zheng/æ¡Œé¢/é¡¹ç›®/mygame/game-server/node_modules/pomelo/lib/components/connector.js] [39m[connector-server-1] send message reqId: 8, route: connector.entryHandler.entry, msg: {"code":200,"msg":"game server is ok."}, receivers: [2], opts: {"type":"response","userOptions":{},"isResponse":true}
[2018-05-17 15:17:33.974] [DEBUG] pomelo - [36m[/home/zheng/æ¡Œé¢/é¡¹ç›®/mygame/game-server/node_modules/pomelo/lib/common/service/sessionService.js] [39msession on [connector-server-1] is closed with session id: 1
[2018-05-17 15:17:41.481] [DEBUG] pomelo - [36m[/home/zheng/æ¡Œé¢/é¡¹ç›®/mygame/game-server/node_modules/pomelo/lib/components/connector.js] [39m[connector-server-1] getSession session is created with session id: 3
[2018-05-17 15:17:42.445] [DEBUG] pomelo - [36m[/home/zheng/æ¡Œé¢/é¡¹ç›®/mygame/game-server/node_modules/pomelo/lib/common/service/sessionService.js] [39msession on [connector-server-1] is closed with session id: 2
[2018-05-17 15:17:42.653] [DEBUG] pomelo - [36m[/home/zheng/æ¡Œé¢/é¡¹ç›®/mygame/game-server/node_modules/pomelo/lib/components/connector.js] [39m[connector-server-1] getSession session is created with session id: 4
[2018-05-17 15:17:42.833] [DEBUG] pomelo - [36m[/home/zheng/æ¡Œé¢/é¡¹ç›®/mygame/game-server/node_modules/pomelo/lib/components/connector.js] [39m[connector-server-1] getSession session is created with session id: 5
[2018-05-17 15:18:42.657] [DEBUG] pomelo - [36m[/home/zheng/æ¡Œé¢/é¡¹ç›®/mygame/game-server/node_modules/pomelo/lib/components/connector.js] [39m[connector-server-1] getSession session is created with session id: 6
[2018-05-17 15:18:42.706] [DEBUG] pomelo - [36m[/home/zheng/æ¡Œé¢/é¡¹ç›®/mygame/game-server/node_modules/pomelo/lib/components/connector.js] [39m[connector-server-1] handleMessage session id: 6, msg: {"id":12,"route":"connector.entryHandler.entry","body":"hello pomelo"}
[2018-05-17 15:18:42.710] [DEBUG] pomelo - [36m[/home/zheng/æ¡Œé¢/é¡¹ç›®/mygame/game-server/node_modules/pomelo/lib/components/connector.js] [39m[connector-server-1] send message reqId: 12, route: connector.entryHandler.entry, msg: {"code":200,"msg":"game server is ok."}, receivers: [6], opts: {"type":"response","userOptions":{},"isResponse":true}
[2018-05-17 15:19:56.557] [DEBUG] pomelo - [36m[/home/zheng/æ¡Œé¢/é¡¹ç›®/mygame/game-server/node_modules/pomelo/lib/common/service/sessionService.js] [39msession on [connector-server-1] is closed with session id: 3
[2018-05-17 15:19:57.679] [DEBUG] pomelo - [36m[/home/zheng/æ¡Œé¢/é¡¹ç›®/mygame/game-server/node_modules/pomelo/lib/common/service/sessionService.js] [39msession on [connector-server-1] is closed with session id: 4
[2018-05-17 15:19:57.859] [DEBUG] pomelo - [36m[/home/zheng/æ¡Œé¢/é¡¹ç›®/mygame/game-server/node_modules/pomelo/lib/common/service/sessionService.js] [39msession on [connector-server-1] is closed with session id: 5
[2018-05-17 15:20:07.709] [DEBUG] pomelo - [36m[/home/zheng/æ¡Œé¢/é¡¹ç›®/mygame/game-server/node_modules/pomelo/lib/common/service/sessionService.js] [39msession on [connector-server-1] is closed with session id: 6
